[2018-09-30 13:30:08.465] [INFO] SUGGESTION_API - Application ready to serve requests. - [Controller:index(Main),Method:start] [Line:#34, File:C:\KK_data\ToAnalyse\Bambu\suggestionAPI\src\index.js]
[2018-09-30 13:30:08.556] [INFO] SUGGESTION_API - Worker 6732 is online - [Controller:index(Main),Method:listening] [Line:#57, File:C:\KK_data\ToAnalyse\Bambu\suggestionAPI\src\index.js]
[2018-09-30 13:30:08.561] [INFO] SUGGESTION_API - Worker 20068 is online - [Controller:index(Main),Method:listening] [Line:#57, File:C:\KK_data\ToAnalyse\Bambu\suggestionAPI\src\index.js]
[2018-09-30 13:30:08.576] [INFO] SUGGESTION_API - Worker 19268 is online - [Controller:index(Main),Method:listening] [Line:#57, File:C:\KK_data\ToAnalyse\Bambu\suggestionAPI\src\index.js]
[2018-09-30 13:30:08.684] [INFO] SUGGESTION_API - Worker 7128 is online - [Controller:index(Main),Method:listening] [Line:#57, File:C:\KK_data\ToAnalyse\Bambu\suggestionAPI\src\index.js]
[2018-09-30 13:30:09.297] [INFO] SUGGESTION_API - Application ready to serve requests. - [Controller:index(Main),Method:start] [Line:#34, File:C:\KK_data\ToAnalyse\Bambu\suggestionAPI\src\index.js, WorkedPID:6732]
[2018-09-30 13:30:09.307] [INFO] SUGGESTION_API - Application ready to serve requests. - [Controller:index(Main),Method:start] [Line:#34, File:C:\KK_data\ToAnalyse\Bambu\suggestionAPI\src\index.js, WorkedPID:20068]
[2018-09-30 13:30:09.337] [INFO] SUGGESTION_API - Application ready to serve requests. - [Controller:index(Main),Method:start] [Line:#34, File:C:\KK_data\ToAnalyse\Bambu\suggestionAPI\src\index.js, WorkedPID:19268]
[2018-09-30 13:30:09.487] [INFO] SUGGESTION_API - Application ready to serve requests. - [Controller:index(Main),Method:start] [Line:#34, File:C:\KK_data\ToAnalyse\Bambu\suggestionAPI\src\index.js, WorkedPID:7128]
[2018-09-30 13:30:29.690] [INFO] SUGGESTION_API - req.path = /v1/people-like-you - [Controller:requestController] [Line:#17, File:C:\KK_data\ToAnalyse\Bambu\suggestionAPI\src\lib\requestController.js, WorkedPID:7128]
[2018-09-30 13:30:29.690] [INFO] SUGGESTION_API - accept = */* - [Controller:requestController] [Line:#19, File:C:\KK_data\ToAnalyse\Bambu\suggestionAPI\src\lib\requestController.js, WorkedPID:7128]
[2018-09-30 13:30:29.690] [INFO] SUGGESTION_API - contentType = application/json - [Controller:requestController] [Line:#20, File:C:\KK_data\ToAnalyse\Bambu\suggestionAPI\src\lib\requestController.js, WorkedPID:7128]
[2018-09-30 13:30:29.693] [INFO] SUGGESTION_API - acceptFlag = false - [Controller:requestController] [Line:#29, File:C:\KK_data\ToAnalyse\Bambu\suggestionAPI\src\lib\requestController.js, WorkedPID:7128]
[2018-09-30 13:30:29.693] [INFO] SUGGESTION_API - authorization Header is valid - [Controller:requestController] [Line:#42, File:C:\KK_data\ToAnalyse\Bambu\suggestionAPI\src\lib\requestController.js, WorkedPID:7128]
[2018-09-30 13:30:29.704] [INFO] SUGGESTION_API - GET All people like you - [Controller:v1,Method:GET /people-like-you] [Line:#14, File:C:\KK_data\ToAnalyse\Bambu\suggestionAPI\src\controllers\v1.js, WorkedPID:7128]
[2018-09-30 13:30:29.704] [INFO] SUGGESTION_API - validateSuggestionGetRequest started - [Controller:validateSuggestionGetRequest,Method:validateSuggestionGetRequest] [Line:#19, File:C:\KK_data\ToAnalyse\Bambu\suggestionAPI\src\lib\commonUtil.js, WorkedPID:7128]
[2018-09-30 13:30:29.707] [INFO] SUGGESTION_API - validation passed - [Controller:v1,Method:controllers] [Line:#28, File:C:\KK_data\ToAnalyse\Bambu\suggestionAPI\src\services\suggestionService.js, WorkedPID:7128]
[2018-09-30 13:30:29.707] [INFO] SUGGESTION_API - started to parse - [Controller:v1,Method:controllers] [Line:#53, File:C:\KK_data\ToAnalyse\Bambu\suggestionAPI\src\services\suggestionService.js, WorkedPID:7128]
[2018-09-30 13:30:29.718] [INFO] SUGGESTION_API - result[{"name":"Kendra1","age":45,"latitude":40.71667,"longitude":19.56667,"monthly income":5000,"experienced":"false","score":2.2},{"name":"Kendra2","age":40,"latitude":40.71667,"longitude":45.56668,"monthly income":6000,"experienced":"false","score":0.4},{"name":"Kendra3","age":67,"latitude":40.71667,"longitude":19.56667,"monthly income":6200,"experienced":"false","score":0.7},{"name":"Kendra4","age":68,"latitude":40.71667,"longitude":19.56667,"monthly income":7000,"experienced":"false","score":0.7}] - [Controller:v1,Method:controllers] [Line:#80, File:C:\KK_data\ToAnalyse\Bambu\suggestionAPI\src\services\suggestionService.js, WorkedPID:7128]
[2018-09-30 13:31:27.751] [INFO] SUGGESTION_API - Application ready to serve requests. - [Controller:index(Main),Method:start] [Line:#34, File:C:\KK_data\ToAnalyse\Bambu\suggestionAPI\src\index.js]
[2018-09-30 13:31:27.881] [INFO] SUGGESTION_API - Worker 8948 is online - [Controller:index(Main),Method:listening] [Line:#57, File:C:\KK_data\ToAnalyse\Bambu\suggestionAPI\src\index.js]
[2018-09-30 13:31:27.891] [INFO] SUGGESTION_API - Worker 4860 is online - [Controller:index(Main),Method:listening] [Line:#57, File:C:\KK_data\ToAnalyse\Bambu\suggestionAPI\src\index.js]
[2018-09-30 13:31:27.928] [INFO] SUGGESTION_API - Worker 20028 is online - [Controller:index(Main),Method:listening] [Line:#57, File:C:\KK_data\ToAnalyse\Bambu\suggestionAPI\src\index.js]
[2018-09-30 13:31:27.956] [INFO] SUGGESTION_API - Worker 22440 is online - [Controller:index(Main),Method:listening] [Line:#57, File:C:\KK_data\ToAnalyse\Bambu\suggestionAPI\src\index.js]
[2018-09-30 13:31:28.627] [INFO] SUGGESTION_API - Application ready to serve requests. - [Controller:index(Main),Method:start] [Line:#34, File:C:\KK_data\ToAnalyse\Bambu\suggestionAPI\src\index.js, WorkedPID:8948]
[2018-09-30 13:31:28.628] [INFO] SUGGESTION_API - Application ready to serve requests. - [Controller:index(Main),Method:start] [Line:#34, File:C:\KK_data\ToAnalyse\Bambu\suggestionAPI\src\index.js, WorkedPID:4860]
[2018-09-30 13:31:28.693] [INFO] SUGGESTION_API - Application ready to serve requests. - [Controller:index(Main),Method:start] [Line:#34, File:C:\KK_data\ToAnalyse\Bambu\suggestionAPI\src\index.js, WorkedPID:20028]
[2018-09-30 13:31:28.714] [INFO] SUGGESTION_API - Application ready to serve requests. - [Controller:index(Main),Method:start] [Line:#34, File:C:\KK_data\ToAnalyse\Bambu\suggestionAPI\src\index.js, WorkedPID:22440]
[2018-09-30 13:31:31.341] [INFO] SUGGESTION_API - req.path = /v1/people-like-you - [Controller:requestController] [Line:#17, File:C:\KK_data\ToAnalyse\Bambu\suggestionAPI\src\lib\requestController.js, WorkedPID:22440]
[2018-09-30 13:31:31.341] [INFO] SUGGESTION_API - accept = */* - [Controller:requestController] [Line:#19, File:C:\KK_data\ToAnalyse\Bambu\suggestionAPI\src\lib\requestController.js, WorkedPID:22440]
[2018-09-30 13:31:31.341] [INFO] SUGGESTION_API - contentType = application/json - [Controller:requestController] [Line:#20, File:C:\KK_data\ToAnalyse\Bambu\suggestionAPI\src\lib\requestController.js, WorkedPID:22440]
[2018-09-30 13:31:31.341] [INFO] SUGGESTION_API - acceptFlag = false - [Controller:requestController] [Line:#29, File:C:\KK_data\ToAnalyse\Bambu\suggestionAPI\src\lib\requestController.js, WorkedPID:22440]
[2018-09-30 13:31:31.341] [INFO] SUGGESTION_API - authorization Header is valid - [Controller:requestController] [Line:#42, File:C:\KK_data\ToAnalyse\Bambu\suggestionAPI\src\lib\requestController.js, WorkedPID:22440]
[2018-09-30 13:31:31.357] [INFO] SUGGESTION_API - GET All people like you - [Controller:v1,Method:GET /people-like-you] [Line:#14, File:C:\KK_data\ToAnalyse\Bambu\suggestionAPI\src\controllers\v1.js, WorkedPID:22440]
[2018-09-30 13:31:31.357] [INFO] SUGGESTION_API - validateSuggestionGetRequest started - [Controller:validateSuggestionGetRequest,Method:validateSuggestionGetRequest] [Line:#19, File:C:\KK_data\ToAnalyse\Bambu\suggestionAPI\src\lib\commonUtil.js, WorkedPID:22440]
[2018-09-30 13:31:31.357] [INFO] SUGGESTION_API - validation passed - [Controller:v1,Method:controllers] [Line:#28, File:C:\KK_data\ToAnalyse\Bambu\suggestionAPI\src\services\suggestionService.js, WorkedPID:22440]
[2018-09-30 13:31:31.357] [INFO] SUGGESTION_API - started to parse - [Controller:v1,Method:controllers] [Line:#53, File:C:\KK_data\ToAnalyse\Bambu\suggestionAPI\src\services\suggestionService.js, WorkedPID:22440]
[2018-09-30 13:31:31.372] [INFO] SUGGESTION_API - result[{"name":"Kendra1","age":45,"latitude":40.71667,"longitude":19.56667,"monthly income":5000,"experienced":"false","score":2},{"name":"Kendra2","age":40,"latitude":40.71667,"longitude":45.56668,"monthly income":6000,"experienced":"false","score":0.4},{"name":"Kendra3","age":67,"latitude":40.71667,"longitude":19.56667,"monthly income":6200,"experienced":"false","score":0.7},{"name":"Kendra4","age":68,"latitude":40.71667,"longitude":19.56667,"monthly income":7000,"experienced":"false","score":0.7}] - [Controller:v1,Method:controllers] [Line:#80, File:C:\KK_data\ToAnalyse\Bambu\suggestionAPI\src\services\suggestionService.js, WorkedPID:22440]
[2018-09-30 13:44:53.824] [INFO] SUGGESTION_API - Application ready to serve requests. - [Controller:index(Main),Method:start] [Line:#34, File:C:\KK_data\ToAnalyse\Bambu\suggestionAPI\src\index.js]
[2018-09-30 13:44:53.945] [INFO] SUGGESTION_API - Worker 17300 is online - [Controller:index(Main),Method:listening] [Line:#57, File:C:\KK_data\ToAnalyse\Bambu\suggestionAPI\src\index.js]
[2018-09-30 13:44:53.945] [INFO] SUGGESTION_API - Worker 17132 is online - [Controller:index(Main),Method:listening] [Line:#57, File:C:\KK_data\ToAnalyse\Bambu\suggestionAPI\src\index.js]
[2018-09-30 13:44:53.975] [INFO] SUGGESTION_API - Worker 18256 is online - [Controller:index(Main),Method:listening] [Line:#57, File:C:\KK_data\ToAnalyse\Bambu\suggestionAPI\src\index.js]
[2018-09-30 13:44:54.036] [INFO] SUGGESTION_API - Worker 8040 is online - [Controller:index(Main),Method:listening] [Line:#57, File:C:\KK_data\ToAnalyse\Bambu\suggestionAPI\src\index.js]
[2018-09-30 13:44:54.671] [INFO] SUGGESTION_API - Application ready to serve requests. - [Controller:index(Main),Method:start] [Line:#34, File:C:\KK_data\ToAnalyse\Bambu\suggestionAPI\src\index.js, WorkedPID:17300]
[2018-09-30 13:44:54.689] [INFO] SUGGESTION_API - Application ready to serve requests. - [Controller:index(Main),Method:start] [Line:#34, File:C:\KK_data\ToAnalyse\Bambu\suggestionAPI\src\index.js, WorkedPID:17132]
[2018-09-30 13:44:54.741] [INFO] SUGGESTION_API - Application ready to serve requests. - [Controller:index(Main),Method:start] [Line:#34, File:C:\KK_data\ToAnalyse\Bambu\suggestionAPI\src\index.js, WorkedPID:18256]
[2018-09-30 13:44:54.781] [INFO] SUGGESTION_API - Application ready to serve requests. - [Controller:index(Main),Method:start] [Line:#34, File:C:\KK_data\ToAnalyse\Bambu\suggestionAPI\src\index.js, WorkedPID:8040]
[2018-09-30 13:46:31.586] [INFO] SUGGESTION_API - req.path = /v1/people-like-you - [Controller:requestController] [Line:#17, File:C:\KK_data\ToAnalyse\Bambu\suggestionAPI\src\lib\requestController.js, WorkedPID:18256]
[2018-09-30 13:46:31.586] [INFO] SUGGESTION_API - accept = */* - [Controller:requestController] [Line:#19, File:C:\KK_data\ToAnalyse\Bambu\suggestionAPI\src\lib\requestController.js, WorkedPID:18256]
[2018-09-30 13:46:31.587] [INFO] SUGGESTION_API - contentType = application/json - [Controller:requestController] [Line:#20, File:C:\KK_data\ToAnalyse\Bambu\suggestionAPI\src\lib\requestController.js, WorkedPID:18256]
[2018-09-30 13:46:31.587] [INFO] SUGGESTION_API - acceptFlag = false - [Controller:requestController] [Line:#29, File:C:\KK_data\ToAnalyse\Bambu\suggestionAPI\src\lib\requestController.js, WorkedPID:18256]
[2018-09-30 13:46:31.587] [INFO] SUGGESTION_API - authorization Header is valid - [Controller:requestController] [Line:#42, File:C:\KK_data\ToAnalyse\Bambu\suggestionAPI\src\lib\requestController.js, WorkedPID:18256]
[2018-09-30 13:46:31.599] [INFO] SUGGESTION_API - GET All people like you - [Controller:v1,Method:GET /people-like-you] [Line:#14, File:C:\KK_data\ToAnalyse\Bambu\suggestionAPI\src\controllers\v1.js, WorkedPID:18256]
[2018-09-30 13:46:31.599] [INFO] SUGGESTION_API - validateSuggestionGetRequest started - [Controller:validateSuggestionGetRequest,Method:validateSuggestionGetRequest] [Line:#19, File:C:\KK_data\ToAnalyse\Bambu\suggestionAPI\src\lib\commonUtil.js, WorkedPID:18256]
[2018-09-30 13:46:31.602] [INFO] SUGGESTION_API - validation passed - [Controller:v1,Method:controllers] [Line:#28, File:C:\KK_data\ToAnalyse\Bambu\suggestionAPI\src\services\suggestionService.js, WorkedPID:18256]
[2018-09-30 13:46:31.602] [INFO] SUGGESTION_API - started to parse - [Controller:v1,Method:controllers] [Line:#53, File:C:\KK_data\ToAnalyse\Bambu\suggestionAPI\src\services\suggestionService.js, WorkedPID:18256]
[2018-09-30 13:46:31.613] [INFO] SUGGESTION_API - result[{"name":"Kendra1","age":45,"latitude":40.71667,"longitude":19.56667,"monthly income":5000,"experienced":"false","score":1},{"name":"Kendra2","age":40,"latitude":40.71667,"longitude":45.56668,"monthly income":6000,"experienced":"false","score":0.2},{"name":"Kendra3","age":67,"latitude":40.71667,"longitude":19.56667,"monthly income":6200,"experienced":"false","score":0.2},{"name":"Kendra4","age":68,"latitude":40.71667,"longitude":19.56667,"monthly income":7000,"experienced":"false","score":0.2}] - [Controller:v1,Method:controllers] [Line:#80, File:C:\KK_data\ToAnalyse\Bambu\suggestionAPI\src\services\suggestionService.js, WorkedPID:18256]
